<?xml version="1.0" encoding="UTF-8"?>
<testsuite xmlns:xsi="http://www.w3.org/2001/XMLSchema-instance" xsi:noNamespaceSchemaLocation="https://maven.apache.org/surefire/maven-surefire-plugin/xsd/surefire-test-report-3.0.xsd" version="3.0" name="TestSuite" time="108.388" tests="3" errors="0" skipped="0" failures="1">
  <properties>
[...]
</properties>
  <testcase name="feature[Register new account](1)" classname="com.tms.testRunner.TestRunner" time="34.624">
    <system-out><![CDATA[Feature: Register new account
2021-08-29 12:08:650 INFO  WaitHelper :21 - waiting for element visibilityOf..
2021-08-29 12:08:707 INFO  WaitHelper :24 - element is visible..

  Background:                                      # src/test/resources/features/MCP/Register.feature:6
    Given I am on the M2 Homepage                  # M2LoginStepDefinitions.i_am_on_the_M2_Homepage()
    When I go to M2 sign in page                   # M2LoginStepDefinitions.i_go_to_sign_in_page()
    When I click Create an account in Sign in page # M2RegistryPageStepDefinitions.i_click_Create_an_account_in_Sign_in_page()
    Then I see the Registry page displayed         # M2RegistryPageStepDefinitions.i_see_the_registry_page()
2021-08-29 12:08:781 INFO  WaitHelper :21 - waiting for element visibilityOf..
2021-08-29 12:08:814 INFO  WaitHelper :24 - element is visible..
2021-08-29 12:08:933 INFO  WaitHelper :21 - waiting for element visibilityOf..
2021-08-29 12:08:967 INFO  WaitHelper :24 - element is visible..
testUser0559@mailinator.com
2021-08-29 12:08:132 INFO  WaitHelper :21 - waiting for element visibilityOf..
2021-08-29 12:08:213 INFO  WaitHelper :24 - element is visible..
2021-08-29 12:08:718 INFO  WaitHelper :21 - waiting for element visibilityOf..
2021-08-29 12:08:774 INFO  WaitHelper :24 - element is visible..
//td[contains(text(), 'Verify your email for')]
2021-08-29 12:08:902 INFO  WaitHelper :21 - waiting for element visibilityOf..
2021-08-29 12:08:921 INFO  WaitHelper :24 - element is visible..
[error] ImagePath: find: not there: Sikuli_Objects/YourMailHasBeenVerifiedMsg.png
[error] ImagePath: find: not there: Sikuli_Objects/YourMailHasBeenVerifiedMsg.png
[log] ( Ctrl )  TYPE "w"
2021-08-29 12:08:596 INFO  WaitHelper :21 - waiting for element visibilityOf..
2021-08-29 12:08:667 INFO  WaitHelper :24 - element is visible..
2021-08-29 12:08:990 INFO  WaitHelper :21 - waiting for element visibilityOf..
2021-08-29 12:08:82 INFO  WaitHelper :24 - element is visible..
2021-08-29 12:08:228 INFO  WaitHelper :21 - waiting for element visibilityOf..
2021-08-29 12:08:259 INFO  WaitHelper :24 - element is visible..
2021-08-29 12:08:359 INFO  WaitHelper :21 - waiting for element visibilityOf..
2021-08-29 12:08:398 INFO  WaitHelper :24 - element is visible..
2021-08-29 12:08:803 INFO  WaitHelper :21 - waiting for element visibilityOf..
2021-08-29 12:08:862 INFO  WaitHelper :24 - element is visible..
//div[@class='panel header']//li[@class='greet welcome']/span[contains(text(), 'ARYQC SMNNS')]
2021-08-29 12:08:158 INFO  WaitHelper :21 - waiting for element visibilityOf..
2021-08-29 12:08:188 INFO  WaitHelper :24 - element is visible..
2021-08-29 12:08:238 INFO  WaitHelper :21 - waiting for element visibilityOf..
2021-08-29 12:08:309 INFO  WaitHelper :24 - element is visible..
2021-08-29 12:08:723 INFO  WaitHelper :21 - waiting for element visibilityOf..
2021-08-29 12:08:799 INFO  WaitHelper :24 - element is visible..
2021-08-29 12:08:183 INFO  WaitHelper :21 - waiting for element visibilityOf..
2021-08-29 12:08:256 INFO  WaitHelper :24 - element is visible..
2021-08-29 12:08:301 INFO  WaitHelper :21 - waiting for element visibilityOf..
2021-08-29 12:08:347 INFO  WaitHelper :24 - element is visible..
2021-08-29 12:08:452 INFO  ServiceHooks :43 - Registry a new account is pass

  @SmokeTest
  Scenario: Registry a new account                                                    # src/test/resources/features/MCP/Register.feature:13
    And I enter random first name and lastname                                        # M2RegistryPageStepDefinitions.i_enter_random_firtname_lastname()
    And I enter random email                                                          # M2RegistryPageStepDefinitions.i_enter_random_email()
    And I enter password and confirm password                                         # M2RegistryPageStepDefinitions.i_enter_random_password()
    And I enter orginazation Name                                                     # M2RegistryPageStepDefinitions.i_enter_random_orginazaionName()
    And I click Create an account in Registry page                                    # M2RegistryPageStepDefinitions.i_click_Create_an_account_in_Registry_page()
    Then I see a message for asking active account                                    # M2RegistryPageStepDefinitions.i_see_an_message_asking_active_account()
    When I active account in mail box by open mail subject as "Verify your email for" # M2RegistryPageStepDefinitions.i_active_account(String)
    Then I should see mail has been verified success message                          # M2RegistryPageStepDefinitions.i_should_see_verified_success_message()
    Then I can login by the registry account                                          # M2RegistryPageStepDefinitions.i_can_login_by_the_registed_account()
    And I see correct account information in my profile                               # M2RegistryPageStepDefinitions.I_see_correct_account_info_in_my_profile()
]]></system-out>
    <system-err><![CDATA[Starting ChromeDriver 91.0.4472.19 (1bf021f248676a0b2ab3ee0561d83a59e424c23e-refs/branch-heads/4472@{#288}) on port 24102
Only local connections are allowed.
Please see https://chromedriver.chromium.org/security-considerations for suggestions on keeping ChromeDriver safe.
ChromeDriver was started successfully.
[1630215796.590][WARNING]: This version of ChromeDriver has not been tested with Chrome version 92.
Aug 29, 2021 12:43:16 PM org.openqa.selenium.remote.ProtocolHandshake createSession
INFO: Detected dialect: W3C
]]></system-err>
  </testcase>
  <testcase name="feature[Login page](2)" classname="com.tms.testRunner.TestRunner" time="44.127">
    <system-out><![CDATA[Feature: Login page

  @SmokeTest
  Scenario Outline: Login with correct email and password      # src/test/resources/features/MCP/SignIn.feature:8
    When I enter email as <email>
    And I enter password for login as <password>
    And I click on Sign In
    Then I see the Home page with name displayed as <fullName>

    Examples: 
2021-08-29 12:08:289 INFO  WaitHelper :21 - waiting for element visibilityOf..
2021-08-29 12:08:346 INFO  WaitHelper :24 - element is visible..

  Background:                     # src/test/resources/features/MCP/SignIn.feature:3
    Given I am on the M2 Homepage # M2LoginStepDefinitions.i_am_on_the_M2_Homepage()
    When I go to M2 sign in page  # M2LoginStepDefinitions.i_go_to_sign_in_page()
2021-08-29 12:08:661 INFO  WaitHelper :21 - waiting for element visibilityOf..
2021-08-29 12:08:752 INFO  WaitHelper :24 - element is visible..
2021-08-29 12:08:888 INFO  WaitHelper :21 - waiting for element visibilityOf..
2021-08-29 12:08:916 INFO  WaitHelper :24 - element is visible..
2021-08-29 12:08:57 INFO  WaitHelper :21 - waiting for element visibilityOf..
2021-08-29 12:08:86 INFO  WaitHelper :24 - element is visible..
Vu Nguyen
2021-08-29 12:08:327 INFO  WaitHelper :21 - waiting for element visibilityOf..
2021-08-29 12:08:357 INFO  WaitHelper :24 - element is visible..
//div[@class='panel header']//li[@class='greet welcome']/span[contains(text(), 'Vu Nguyen')]
2021-08-29 12:08:387 INFO  ServiceHooks :43 - Login with correct email and password is pass

  @SmokeTest
  Scenario Outline: Login with correct email and password     # src/test/resources/features/MCP/SignIn.feature:17
    When I enter email as m2test2@mailinator.com              # M2LoginStepDefinitions.i_enter_email(String)
    And I enter password for login as dmvn@123                # M2LoginStepDefinitions.i_enter_password(String)
    And I click on Sign In                                    # M2LoginStepDefinitions.i_click_on_SignIn()
    Then I see the Home page with name displayed as Vu Nguyen # M2LoginStepDefinitions.I_see_logged_in_page(String)

  @SmokeTest
  Scenario Outline: Login with incorrect email or password # src/test/resources/features/MCP/SignIn.feature:21
    When I enter email as <email>
    And I enter password for login as <password>
    And I click on Sign In
    Then I see an error message as <errorMessage>

    Examples: 
2021-08-29 12:08:341 INFO  WaitHelper :21 - waiting for element visibilityOf..
2021-08-29 12:08:396 INFO  WaitHelper :24 - element is visible..

  Background:                     # src/test/resources/features/MCP/SignIn.feature:3
    Given I am on the M2 Homepage # M2LoginStepDefinitions.i_am_on_the_M2_Homepage()
    When I go to M2 sign in page  # M2LoginStepDefinitions.i_go_to_sign_in_page()
2021-08-29 12:08:712 INFO  WaitHelper :21 - waiting for element visibilityOf..
2021-08-29 12:08:802 INFO  WaitHelper :24 - element is visible..
2021-08-29 12:08:939 INFO  WaitHelper :21 - waiting for element visibilityOf..
2021-08-29 12:08:966 INFO  WaitHelper :24 - element is visible..
2021-08-29 12:08:71 INFO  WaitHelper :21 - waiting for element visibilityOf..
2021-08-29 12:08:107 INFO  WaitHelper :24 - element is visible..
2021-08-29 12:08:726 INFO  WaitHelper :21 - waiting for element visibilityOf..
2021-08-29 12:08:764 INFO  WaitHelper :24 - element is visible..
//div[@class='message-error error message']/div[contains(text(), 'EMAIL_NOT_FOUND')]
2021-08-29 12:08:796 INFO  ServiceHooks :43 - Login with incorrect email or password is pass

  @SmokeTest
  Scenario Outline: Login with incorrect email or password # src/test/resources/features/MCP/SignIn.feature:30
    When I enter email as nonExistEmail@gmail.com          # M2LoginStepDefinitions.i_enter_email(String)
    And I enter password for login as dmvn@123             # M2LoginStepDefinitions.i_enter_password(String)
    And I click on Sign In                                 # M2LoginStepDefinitions.i_click_on_SignIn()
    Then I see an error message as EMAIL_NOT_FOUND         # M2LoginStepDefinitions.i_see_Error_message(String)
2021-08-29 12:08:542 INFO  WaitHelper :21 - waiting for element visibilityOf..
2021-08-29 12:08:583 INFO  WaitHelper :24 - element is visible..

  Background:                     # src/test/resources/features/MCP/SignIn.feature:3
    Given I am on the M2 Homepage # M2LoginStepDefinitions.i_am_on_the_M2_Homepage()
    When I go to M2 sign in page  # M2LoginStepDefinitions.i_go_to_sign_in_page()
2021-08-29 12:08:881 INFO  WaitHelper :21 - waiting for element visibilityOf..
2021-08-29 12:08:962 INFO  WaitHelper :24 - element is visible..
2021-08-29 12:08:145 INFO  WaitHelper :21 - waiting for element visibilityOf..
2021-08-29 12:08:184 INFO  WaitHelper :24 - element is visible..
2021-08-29 12:08:289 INFO  WaitHelper :21 - waiting for element visibilityOf..
2021-08-29 12:08:323 INFO  WaitHelper :24 - element is visible..
2021-08-29 12:08:30 INFO  WaitHelper :21 - waiting for element visibilityOf..
2021-08-29 12:08:69 INFO  WaitHelper :24 - element is visible..
//div[@class='message-error error message']/div[contains(text(), 'INVALID_PASSWORD')]
2021-08-29 12:08:99 INFO  ServiceHooks :43 - Login with incorrect email or password is pass

  @SmokeTest
  Scenario Outline: Login with incorrect email or password # src/test/resources/features/MCP/SignIn.feature:31
    When I enter email as m2test2@mailinator.com           # M2LoginStepDefinitions.i_enter_email(String)
    And I enter password for login as incorrectPass        # M2LoginStepDefinitions.i_enter_password(String)
    And I click on Sign In                                 # M2LoginStepDefinitions.i_click_on_SignIn()
    Then I see an error message as INVALID_PASSWORD        # M2LoginStepDefinitions.i_see_Error_message(String)

  @SmokeTest
  Scenario Outline: Sign out                                   # src/test/resources/features/MCP/SignIn.feature:35
    When I enter email as <email>
    And I enter password for login as <password>
    And I click on Sign In
    Then I see the Home page with name displayed as <fullName>
    When I click on Sign out
    Then I see signed-out page
    And I see home page after 5s

    Examples: 
2021-08-29 12:08:03 INFO  WaitHelper :21 - waiting for element visibilityOf..
2021-08-29 12:08:44 INFO  WaitHelper :24 - element is visible..

  Background:                     # src/test/resources/features/MCP/SignIn.feature:3
    Given I am on the M2 Homepage # M2LoginStepDefinitions.i_am_on_the_M2_Homepage()
    When I go to M2 sign in page  # M2LoginStepDefinitions.i_go_to_sign_in_page()
2021-08-29 12:08:358 INFO  WaitHelper :21 - waiting for element visibilityOf..
2021-08-29 12:08:445 INFO  WaitHelper :24 - element is visible..
2021-08-29 12:08:577 INFO  WaitHelper :21 - waiting for element visibilityOf..
2021-08-29 12:08:615 INFO  WaitHelper :24 - element is visible..
2021-08-29 12:08:737 INFO  WaitHelper :21 - waiting for element visibilityOf..
2021-08-29 12:08:773 INFO  WaitHelper :24 - element is visible..
Vu Nguyen
2021-08-29 12:08:628 INFO  WaitHelper :21 - waiting for element visibilityOf..
2021-08-29 12:08:658 INFO  WaitHelper :24 - element is visible..
//div[@class='panel header']//li[@class='greet welcome']/span[contains(text(), 'Vu Nguyen')]
2021-08-29 12:08:738 INFO  WaitHelper :21 - waiting for element visibilityOf..
2021-08-29 12:08:766 INFO  WaitHelper :24 - element is visible..
2021-08-29 12:08:240 INFO  WaitHelper :21 - waiting for element visibilityOf..
2021-08-29 12:08:312 INFO  WaitHelper :24 - element is visible..
2021-08-29 12:08:422 INFO  ServiceHooks :43 - Sign out is pass

  @SmokeTest
  Scenario Outline: Sign out                                  # src/test/resources/features/MCP/SignIn.feature:47
    When I enter email as m2test2@mailinator.com              # M2LoginStepDefinitions.i_enter_email(String)
    And I enter password for login as dmvn@123                # M2LoginStepDefinitions.i_enter_password(String)
    And I click on Sign In                                    # M2LoginStepDefinitions.i_click_on_SignIn()
    Then I see the Home page with name displayed as Vu Nguyen # M2LoginStepDefinitions.I_see_logged_in_page(String)
    When I click on Sign out                                  # M2LoginStepDefinitions.i_click_on_SignOut()
    Then I see signed-out page                                # M2LoginStepDefinitions.I_see_signed_out_page()
    And I see home page after 5s                              # M2LoginStepDefinitions.i_see_homepage_after_5s()
]]></system-out>
    <system-err><![CDATA[Starting ChromeDriver 91.0.4472.19 (1bf021f248676a0b2ab3ee0561d83a59e424c23e-refs/branch-heads/4472@{#288}) on port 6455
Only local connections are allowed.
Please see https://chromedriver.chromium.org/security-considerations for suggestions on keeping ChromeDriver safe.
ChromeDriver was started successfully.
[1630215830.356][WARNING]: This version of ChromeDriver has not been tested with Chrome version 92.
Aug 29, 2021 12:43:50 PM org.openqa.selenium.remote.ProtocolHandshake createSession
INFO: Detected dialect: W3C
Starting ChromeDriver 91.0.4472.19 (1bf021f248676a0b2ab3ee0561d83a59e424c23e-refs/branch-heads/4472@{#288}) on port 19951
Only local connections are allowed.
Please see https://chromedriver.chromium.org/security-considerations for suggestions on keeping ChromeDriver safe.
ChromeDriver was started successfully.
[1630215841.437][WARNING]: This version of ChromeDriver has not been tested with Chrome version 92.
Aug 29, 2021 12:44:01 PM org.openqa.selenium.remote.ProtocolHandshake createSession
INFO: Detected dialect: W3C
Starting ChromeDriver 91.0.4472.19 (1bf021f248676a0b2ab3ee0561d83a59e424c23e-refs/branch-heads/4472@{#288}) on port 25068
Only local connections are allowed.
Please see https://chromedriver.chromium.org/security-considerations for suggestions on keeping ChromeDriver safe.
ChromeDriver was started successfully.
[1630215848.709][WARNING]: This version of ChromeDriver has not been tested with Chrome version 92.
Aug 29, 2021 12:44:08 PM org.openqa.selenium.remote.ProtocolHandshake createSession
INFO: Detected dialect: W3C
Starting ChromeDriver 91.0.4472.19 (1bf021f248676a0b2ab3ee0561d83a59e424c23e-refs/branch-heads/4472@{#288}) on port 3654
Only local connections are allowed.
Please see https://chromedriver.chromium.org/security-considerations for suggestions on keeping ChromeDriver safe.
ChromeDriver was started successfully.
[1630215856.033][WARNING]: This version of ChromeDriver has not been tested with Chrome version 92.
Aug 29, 2021 12:44:16 PM org.openqa.selenium.remote.ProtocolHandshake createSession
INFO: Detected dialect: W3C
]]></system-err>
  </testcase>
  <testcase name="feature[Update Email server information](3)" classname="com.tms.testRunner.TestRunner" time="28.806">
    <failure message="java.lang.AssertionError: expected [true] but found [false]" type="cucumber.runtime.CucumberException"><![CDATA[cucumber.runtime.CucumberException: java.lang.AssertionError: expected [true] but found [false]
	at com.tms.testRunner.TestRunner.feature(TestRunner.java:38)
Caused by: java.lang.AssertionError: expected [true] but found [false]
]]></failure>
    <system-out><![CDATA[Feature: Update Email server information

  @RegressionTest
  Scenario Outline: Fill the mail server infomation and check connection with message as <messageContent> # src/test/resources/features/Settings/emailSetup.feature:11
    When I enter host as <hostname>
    And I enter email password as "Tms_test@123"
    And I enter port as "587"
    And I enter SSL Trust as "mail.davnos.com"
    And I enter user as "tms_test@davnos.com"
    When I click Save
    Then I should see success saving popup having text as "System has been updated successfully."
    When I click on Check Connection button
    Then I should see a popup having text as <messageContent>

    Examples: 
2021-08-29 12:08:61 INFO  WaitHelper :21 - waiting for element visibilityOf..
2021-08-29 12:08:98 INFO  WaitHelper :24 - element is visible..
2021-08-29 12:08:153 INFO  WaitHelper :21 - waiting for element visibilityOf..
2021-08-29 12:08:734 INFO  WaitHelper :24 - element is visible..

  Background:                              # src/test/resources/features/Settings/emailSetup.feature:4
    Given I am on the Settings page of TMS # SettingsPageStepDefinitions.i_am_on_the_Setting_page()
    When I go to the system page           # SettingsPageStepDefinitions.i_go_to_the_system_page()
    Then I see the system page             # SettingsPageStepDefinitions.i_see_the_system_page()
2021-08-29 12:08:811 INFO  WaitHelper :21 - waiting for element visibilityOf..
2021-08-29 12:08:839 INFO  WaitHelper :24 - element is visible..
2021-08-29 12:08:42 INFO  WaitHelper :21 - waiting for element visibilityOf..
2021-08-29 12:08:80 INFO  WaitHelper :24 - element is visible..
2021-08-29 12:08:156 INFO  WaitHelper :21 - waiting for element visibilityOf..
2021-08-29 12:08:188 INFO  WaitHelper :24 - element is visible..
2021-08-29 12:08:293 INFO  WaitHelper :21 - waiting for element visibilityOf..
2021-08-29 12:08:326 INFO  WaitHelper :24 - element is visible..
2021-08-29 12:08:832 INFO  WaitHelper :21 - waiting for element visibilityOf..
2021-08-29 12:08:871 INFO  WaitHelper :24 - element is visible..
//div[contains(@class,'snotify snotify-rightBottom')]/ng-snotify-toast/div/div[2]/div[@class='snotifyToast__body' and contains(text(),'System has been updated successfully.')]
Message Value= Unable to connect this Mail server2021-08-29 12:08:709 INFO  WaitHelper :21 - waiting for element visibilityOf..
2021-08-29 12:08:747 INFO  WaitHelper :24 - element is visible..
//div[contains(@class,'snotify snotify-rightBottom')]/ng-snotify-toast/div/div[2]/div[@class='snotifyToast__body' and contains(text(),'Unable to connect this Mail server')]
2021-08-29 12:08:779 INFO  ServiceHooks :43 - Fill the mail server infomation and check connection with message as Unable to connect this Mail server is pass

  @RegressionTest
  Scenario Outline: Fill the mail server infomation and check connection with message as Unable to connect this Mail server # src/test/resources/features/Settings/emailSetup.feature:25
    When I enter host as mail.davnos.commm                                                                                  # SettingsPageStepDefinitions.i_enter_host(String)
    And I enter email password as "Tms_test@123"                                                                            # SettingsPageStepDefinitions.i_enter_password(String)
    And I enter port as "587"                                                                                               # SettingsPageStepDefinitions.i_enter_port(String)
    And I enter SSL Trust as "mail.davnos.com"                                                                              # SettingsPageStepDefinitions.i_enter_SSLTrust(String)
    And I enter user as "tms_test@davnos.com"                                                                               # SettingsPageStepDefinitions.i_enter_user(String)
    When I click Save                                                                                                       # SettingsPageStepDefinitions.i_click_Save()
    Then I should see success saving popup having text as "System has been updated successfully."                           # SettingsPageStepDefinitions.Success_message_display_with_fixed_msg(String)
    When I click on Check Connection button                                                                                 # SettingsPageStepDefinitions.i_click_on_Check_Connection_button()
    Then I should see a popup having text as Unable to connect this Mail server                                             # SettingsPageStepDefinitions.Success_message_display(String)
2021-08-29 12:08:235 INFO  WaitHelper :21 - waiting for element visibilityOf..
2021-08-29 12:08:279 INFO  WaitHelper :24 - element is visible..
2021-08-29 12:08:327 INFO  WaitHelper :21 - waiting for element visibilityOf..
2021-08-29 12:08:905 INFO  WaitHelper :24 - element is visible..

  Background:                              # src/test/resources/features/Settings/emailSetup.feature:4
    Given I am on the Settings page of TMS # SettingsPageStepDefinitions.i_am_on_the_Setting_page()
    When I go to the system page           # SettingsPageStepDefinitions.i_go_to_the_system_page()
    Then I see the system page             # SettingsPageStepDefinitions.i_see_the_system_page()
2021-08-29 12:08:998 INFO  WaitHelper :21 - waiting for element visibilityOf..
2021-08-29 12:08:25 INFO  WaitHelper :24 - element is visible..
2021-08-29 12:08:244 INFO  WaitHelper :21 - waiting for element visibilityOf..
2021-08-29 12:08:283 INFO  WaitHelper :24 - element is visible..
2021-08-29 12:08:360 INFO  WaitHelper :21 - waiting for element visibilityOf..
2021-08-29 12:08:390 INFO  WaitHelper :24 - element is visible..
2021-08-29 12:08:493 INFO  WaitHelper :21 - waiting for element visibilityOf..
2021-08-29 12:08:530 INFO  WaitHelper :24 - element is visible..
2021-08-29 12:08:46 INFO  WaitHelper :21 - waiting for element visibilityOf..
2021-08-29 12:08:83 INFO  WaitHelper :24 - element is visible..
//div[contains(@class,'snotify snotify-rightBottom')]/ng-snotify-toast/div/div[2]/div[@class='snotifyToast__body' and contains(text(),'System has been updated successfully.')]
Message Value= Mail server has been NOT connected successfully.2021-08-29 12:08:386 INFO  WaitHelper :21 - waiting for element visibilityOf..
2021-08-29 12:08:425 INFO  WaitHelper :24 - element is visible..
//div[contains(@class,'snotify snotify-rightBottom')]/ng-snotify-toast/div/div[2]/div[@class='snotifyToast__body' and contains(text(),'Mail server has been NOT connected successfully.')]
2021-08-29 12:08:443 INFO  ServiceHooks :34 - Fill the mail server infomation and check connection with message as Mail server has been NOT connected successfully. is Failed

  @RegressionTest
  Scenario Outline: Fill the mail server infomation and check connection with message as Mail server has been NOT connected successfully. # src/test/resources/features/Settings/emailSetup.feature:26
    When I enter host as mail.davnos.com                                                                                                  # SettingsPageStepDefinitions.i_enter_host(String)
    And I enter email password as "Tms_test@123"                                                                                          # SettingsPageStepDefinitions.i_enter_password(String)
    And I enter port as "587"                                                                                                             # SettingsPageStepDefinitions.i_enter_port(String)
    And I enter SSL Trust as "mail.davnos.com"                                                                                            # SettingsPageStepDefinitions.i_enter_SSLTrust(String)
    And I enter user as "tms_test@davnos.com"                                                                                             # SettingsPageStepDefinitions.i_enter_user(String)
    When I click Save                                                                                                                     # SettingsPageStepDefinitions.i_click_Save()
    Then I should see success saving popup having text as "System has been updated successfully."                                         # SettingsPageStepDefinitions.Success_message_display_with_fixed_msg(String)
    When I click on Check Connection button                                                                                               # SettingsPageStepDefinitions.i_click_on_Check_Connection_button()
    Then I should see a popup having text as Mail server has been NOT connected successfully.                                             # SettingsPageStepDefinitions.Success_message_display(String)
      java.lang.AssertionError: expected [true] but found [false]
      	at org.testng.Assert.fail(Assert.java:94)
      	at org.testng.Assert.failNotEquals(Assert.java:513)
      	at org.testng.Assert.assertTrue(Assert.java:42)
      	at org.testng.Assert.assertTrue(Assert.java:52)
      	at com.tms.stepdefinitions.SettingsPageStepDefinitions.Success_message_display(SettingsPageStepDefinitions.java:106)
      	at ?.Then I should see a popup having text as Mail server has been NOT connected successfully.(src/test/resources/features/Settings/emailSetup.feature:21)

]]></system-out>
    <system-err><![CDATA[Starting ChromeDriver 91.0.4472.19 (1bf021f248676a0b2ab3ee0561d83a59e424c23e-refs/branch-heads/4472@{#288}) on port 41295
Only local connections are allowed.
Please see https://chromedriver.chromium.org/security-considerations for suggestions on keeping ChromeDriver safe.
ChromeDriver was started successfully.
[1630215874.489][WARNING]: This version of ChromeDriver has not been tested with Chrome version 92.
Aug 29, 2021 12:44:34 PM org.openqa.selenium.remote.ProtocolHandshake createSession
INFO: Detected dialect: W3C
Starting ChromeDriver 91.0.4472.19 (1bf021f248676a0b2ab3ee0561d83a59e424c23e-refs/branch-heads/4472@{#288}) on port 47853
Only local connections are allowed.
Please see https://chromedriver.chromium.org/security-considerations for suggestions on keeping ChromeDriver safe.
ChromeDriver was started successfully.
[1630215889.572][WARNING]: This version of ChromeDriver has not been tested with Chrome version 92.
Aug 29, 2021 12:44:49 PM org.openqa.selenium.remote.ProtocolHandshake createSession
INFO: Detected dialect: W3C
]]></system-err>
  </testcase>
</testsuite>